2026-06-08 16:29:58.282 +03:00 [INF] User profile is available. Using 'C:\Users\Hazem Khalifa\AppData\Local\ASP.NET\DataProtection-Keys' as key repository and Windows DPAPI to encrypt keys at rest.
2026-06-08 16:30:08.221 +03:00 [INF] Executed DbCommand (187ms) [Parameters=[], CommandType='"Text"', CommandTimeout='30']
SELECT 1
2026-06-08 16:30:08.474 +03:00 [INF] Executed DbCommand (140ms) [Parameters=[], CommandType='"Text"', CommandTimeout='30']
SELECT OBJECT_ID(N'[__EFMigrationsHistory]');
2026-06-08 16:30:08.493 +03:00 [INF] Executed DbCommand (3ms) [Parameters=[], CommandType='"Text"', CommandTimeout='30']
SELECT 1
2026-06-08 16:30:08.509 +03:00 [INF] Executed DbCommand (3ms) [Parameters=[], CommandType='"Text"', CommandTimeout='30']
SELECT OBJECT_ID(N'[__EFMigrationsHistory]');
2026-06-08 16:30:08.759 +03:00 [INF] Executed DbCommand (49ms) [Parameters=[], CommandType='"Text"', CommandTimeout='30']
SELECT [MigrationId], [ProductVersion]
FROM [__EFMigrationsHistory]
ORDER BY [MigrationId];
2026-06-08 16:30:08.919 +03:00 [INF] No migrations were applied. The database is already up to date.
2026-06-08 16:30:10.185 +03:00 [INF] Executed DbCommand (251ms) [Parameters=[@__normalizedName_0='?' (Size = 256)], CommandType='"Text"', CommandTimeout='30']
SELECT TOP(1) [a].[Id], [a].[ConcurrencyStamp], [a].[Name], [a].[NormalizedName]
FROM [AspNetRoles] AS [a]
WHERE [a].[NormalizedName] = @__normalizedName_0
2026-06-08 16:30:10.448 +03:00 [INF] Executed DbCommand (2ms) [Parameters=[@__normalizedName_0='?' (Size = 256)], CommandType='"Text"', CommandTimeout='30']
SELECT TOP(1) [a].[Id], [a].[ConcurrencyStamp], [a].[Name], [a].[NormalizedName]
FROM [AspNetRoles] AS [a]
WHERE [a].[NormalizedName] = @__normalizedName_0
2026-06-08 16:30:10.458 +03:00 [INF] Executed DbCommand (2ms) [Parameters=[@__normalizedName_0='?' (Size = 256)], CommandType='"Text"', CommandTimeout='30']
SELECT TOP(1) [a].[Id], [a].[ConcurrencyStamp], [a].[Name], [a].[NormalizedName]
FROM [AspNetRoles] AS [a]
WHERE [a].[NormalizedName] = @__normalizedName_0
2026-06-08 16:30:10.466 +03:00 [INF] Executed DbCommand (2ms) [Parameters=[@__normalizedName_0='?' (Size = 256)], CommandType='"Text"', CommandTimeout='30']
SELECT TOP(1) [a].[Id], [a].[ConcurrencyStamp], [a].[Name], [a].[NormalizedName]
FROM [AspNetRoles] AS [a]
WHERE [a].[NormalizedName] = @__normalizedName_0
2026-06-08 16:30:10.487 +03:00 [INF] Executed DbCommand (3ms) [Parameters=[@__normalizedName_0='?' (Size = 256)], CommandType='"Text"', CommandTimeout='30']
SELECT TOP(1) [a].[Id], [a].[ConcurrencyStamp], [a].[Name], [a].[NormalizedName]
FROM [AspNetRoles] AS [a]
WHERE [a].[NormalizedName] = @__normalizedName_0
2026-06-08 16:30:10.958 +03:00 [INF] Executed DbCommand (11ms) [Parameters=[@p0='?' (Size = 450), @p1='?' (Size = 4000), @p2='?' (Size = 256), @p3='?' (Size = 256)], CommandType='"Text"', CommandTimeout='30']
SET IMPLICIT_TRANSACTIONS OFF;
SET NOCOUNT ON;
INSERT INTO [AspNetRoles] ([Id], [ConcurrencyStamp], [Name], [NormalizedName])
VALUES (@p0, @p1, @p2, @p3);
2026-06-08 16:30:11.028 +03:00 [INF] Executed DbCommand (2ms) [Parameters=[@__normalizedName_0='?' (Size = 256)], CommandType='"Text"', CommandTimeout='30']
SELECT TOP(1) [a].[Id], [a].[ConcurrencyStamp], [a].[Name], [a].[NormalizedName]
FROM [AspNetRoles] AS [a]
WHERE [a].[NormalizedName] = @__normalizedName_0
2026-06-08 16:30:11.066 +03:00 [INF] Executed DbCommand (6ms) [Parameters=[@__normalizedName_0='?' (Size = 256)], CommandType='"Text"', CommandTimeout='30']
SELECT TOP(1) [a].[Id], [a].[ConcurrencyStamp], [a].[Name], [a].[NormalizedName]
FROM [AspNetRoles] AS [a]
WHERE [a].[NormalizedName] = @__normalizedName_0
2026-06-08 16:30:11.085 +03:00 [INF] Executed DbCommand (4ms) [Parameters=[@__normalizedName_0='?' (Size = 256)], CommandType='"Text"', CommandTimeout='30']
SELECT TOP(1) [a].[Id], [a].[ConcurrencyStamp], [a].[Name], [a].[NormalizedName]
FROM [AspNetRoles] AS [a]
WHERE [a].[NormalizedName] = @__normalizedName_0
2026-06-08 16:30:11.110 +03:00 [INF] Executed DbCommand (11ms) [Parameters=[@p0='?' (Size = 450), @p1='?' (Size = 4000), @p2='?' (Size = 256), @p3='?' (Size = 256)], CommandType='"Text"', CommandTimeout='30']
SET IMPLICIT_TRANSACTIONS OFF;
SET NOCOUNT ON;
INSERT INTO [AspNetRoles] ([Id], [ConcurrencyStamp], [Name], [NormalizedName])
VALUES (@p0, @p1, @p2, @p3);
2026-06-08 16:30:11.131 +03:00 [INF] Executed DbCommand (3ms) [Parameters=[@__normalizedName_0='?' (Size = 256)], CommandType='"Text"', CommandTimeout='30']
SELECT TOP(1) [a].[Id], [a].[ConcurrencyStamp], [a].[Name], [a].[NormalizedName]
FROM [AspNetRoles] AS [a]
WHERE [a].[NormalizedName] = @__normalizedName_0
2026-06-08 16:30:11.152 +03:00 [INF] Executed DbCommand (6ms) [Parameters=[@__normalizedName_0='?' (Size = 256)], CommandType='"Text"', CommandTimeout='30']
SELECT TOP(1) [a].[Id], [a].[ConcurrencyStamp], [a].[Name], [a].[NormalizedName]
FROM [AspNetRoles] AS [a]
WHERE [a].[NormalizedName] = @__normalizedName_0
2026-06-08 16:30:11.169 +03:00 [INF] Executed DbCommand (3ms) [Parameters=[@p0='?' (Size = 450), @p1='?' (Size = 4000), @p2='?' (Size = 256), @p3='?' (Size = 256)], CommandType='"Text"', CommandTimeout='30']
SET IMPLICIT_TRANSACTIONS OFF;
SET NOCOUNT ON;
INSERT INTO [AspNetRoles] ([Id], [ConcurrencyStamp], [Name], [NormalizedName])
VALUES (@p0, @p1, @p2, @p3);
2026-06-08 16:30:11.182 +03:00 [INF] Executed DbCommand (4ms) [Parameters=[@__normalizedName_0='?' (Size = 256)], CommandType='"Text"', CommandTimeout='30']
SELECT TOP(1) [a].[Id], [a].[ConcurrencyStamp], [a].[Name], [a].[NormalizedName]
FROM [AspNetRoles] AS [a]
WHERE [a].[NormalizedName] = @__normalizedName_0
2026-06-08 16:30:11.203 +03:00 [INF] Executed DbCommand (10ms) [Parameters=[@__normalizedName_0='?' (Size = 256)], CommandType='"Text"', CommandTimeout='30']
SELECT TOP(1) [a].[Id], [a].[ConcurrencyStamp], [a].[Name], [a].[NormalizedName]
FROM [AspNetRoles] AS [a]
WHERE [a].[NormalizedName] = @__normalizedName_0
2026-06-08 16:30:11.287 +03:00 [INF] Executed DbCommand (13ms) [Parameters=[@__normalizedEmail_0='?' (Size = 256)], CommandType='"Text"', CommandTimeout='30']
SELECT TOP(2) [a].[Id], [a].[AccessFailedCount], [a].[ClinicId], [a].[ConcurrencyStamp], [a].[CreatedAt], [a].[DepartmentId], [a].[Email], [a].[EmailConfirmed], [a].[FullNameAr], [a].[FullNameEn], [a].[IsActive], [a].[LastLoginAt], [a].[LockoutEnabled], [a].[LockoutEnd], [a].[NormalizedEmail], [a].[NormalizedUserName], [a].[PasswordHash], [a].[PhoneNumber], [a].[PhoneNumberConfirmed], [a].[ProfilePhotoPath], [a].[SecurityStamp], [a].[TwoFactorEnabled], [a].[UserName]
FROM [AspNetUsers] AS [a]
WHERE [a].[NormalizedEmail] = @__normalizedEmail_0
2026-06-08 16:30:11.645 +03:00 [INF] Executed DbCommand (10ms) [Parameters=[], CommandType='"Text"', CommandTimeout='30']
SELECT CASE
    WHEN EXISTS (
        SELECT 1
        FROM [Clinics] AS [c]
        WHERE [c].[IsDeleted] = CAST(0 AS bit)) THEN CAST(1 AS bit)
    ELSE CAST(0 AS bit)
END
2026-06-08 16:30:12.493 +03:00 [INF] Notification Background Service started
2026-06-08 16:30:12.770 +03:00 [INF] Executed DbCommand (11ms) [Parameters=[], CommandType='"Text"', CommandTimeout='30']
SELECT [h].[Id], [h].[CreatedAt], [h].[CreatedBy], [h].[DocumentName], [h].[DocumentNameAr], [h].[DocumentType], [h].[ExpiryDate], [h].[FilePath], [h].[HrStaffId], [h].[IsDeleted], [h].[IsVerified], [h].[IssueDate], [h].[UpdatedAt], [h].[UpdatedBy], [h].[UploadedAt], [h].[UploadedByUserId], [h].[VerifiedByUserId], [h].[VerifiedDate], [h].[VersionNumber]
FROM [HrDocuments] AS [h]
WHERE [h].[IsDeleted] = CAST(0 AS bit) AND [h].[ExpiryDate] IS NOT NULL AND [h].[IsDeleted] = CAST(0 AS bit)
2026-06-08 16:30:12.785 +03:00 [INF] Document expiry check completed
2026-06-08 16:30:12.840 +03:00 [INF] Executed DbCommand (22ms) [Parameters=[], CommandType='"Text"', CommandTimeout='30']
SELECT [c].[Id], [c].[CityAr], [c].[CityEn], [c].[ClinicType], [c].[ComplianceScore], [c].[CreatedAt], [c].[CreatedBy], [c].[IsActive], [c].[IsDeleted], [c].[LicenseExpiry], [c].[LicenseNumber], [c].[LogoPath], [c].[Name], [c].[NameAr], [c].[UpdatedAt], [c].[UpdatedBy]
FROM [Clinics] AS [c]
WHERE [c].[IsDeleted] = CAST(0 AS bit) AND [c].[IsActive] = CAST(1 AS bit)
2026-06-08 16:30:13.418 +03:00 [INF] Executed DbCommand (41ms) [Parameters=[@__clinic_Id_0='?' (DbType = Int32)], CommandType='"Text"', CommandTimeout='30']
SELECT COUNT(*)
FROM [PolicyDocuments] AS [p]
WHERE [p].[IsDeleted] = CAST(0 AS bit) AND [p].[ClinicId] = @__clinic_Id_0 AND [p].[IsDeleted] = CAST(0 AS bit)
2026-06-08 16:30:13.466 +03:00 [INF] Executed DbCommand (7ms) [Parameters=[@__clinic_Id_0='?' (DbType = Int32)], CommandType='"Text"', CommandTimeout='30']
SELECT COUNT(*)
FROM [PolicyDocuments] AS [p]
WHERE [p].[IsDeleted] = CAST(0 AS bit) AND [p].[ClinicId] = @__clinic_Id_0 AND [p].[DocumentStatus] = 5 AND [p].[IsDeleted] = CAST(0 AS bit)
2026-06-08 16:30:13.521 +03:00 [INF] Executed DbCommand (34ms) [Parameters=[@__clinic_Id_0='?' (DbType = Int32)], CommandType='"Text"', CommandTimeout='30']
SELECT COUNT(*)
FROM [PolicyDocuments] AS [p]
WHERE [p].[IsDeleted] = CAST(0 AS bit) AND [p].[ClinicId] = @__clinic_Id_0 AND [p].[DocumentStatus] = 6 AND [p].[IsDeleted] = CAST(0 AS bit)
2026-06-08 16:30:13.588 +03:00 [INF] Now listening on: https://localhost:2167
2026-06-08 16:30:13.737 +03:00 [INF] Compliance alerts created
2026-06-08 16:30:14.144 +03:00 [INF] Now listening on: http://localhost:2168
2026-06-08 16:30:14.497 +03:00 [INF] Executed DbCommand (53ms) [Parameters=[], CommandType='"Text"', CommandTimeout='30']
SELECT [c].[Id], [c].[ClinicId], [c].[CreatedAt], [c].[CreatedBy], [c].[DepartmentId], [c].[Description], [c].[Frequency], [c].[IsActive], [c].[IsDeleted], [c].[Name], [c].[NameAr], [c].[UpdatedAt], [c].[UpdatedBy]
FROM [ChecklistTemplates] AS [c]
WHERE [c].[IsDeleted] = CAST(0 AS bit) AND [c].[IsActive] = CAST(1 AS bit) AND [c].[IsDeleted] = CAST(0 AS bit)
2026-06-08 16:30:15.052 +03:00 [INF] Checklist reminders processed
2026-06-08 16:30:15.364 +03:00 [ERR] Error in NotificationBackgroundService cycle
System.InvalidOperationException: 'AmbulatoryCarePortal.Infrastructure.UnitOfWork.UnitOfWork' type only implements IAsyncDisposable. Use DisposeAsync to dispose the container.
   at Microsoft.Extensions.DependencyInjection.ServiceLookup.ServiceProviderEngineScope.Dispose()
   at AmbulatoryCarePortal.Application.Services.NotificationBackgroundService.ExecuteAsync(CancellationToken stoppingToken) in D:\C# Projects\AmbulatoryCarePortal\src\AmbulatoryCarePortal.Application\Services\NotificationBackgroundService.cs:line 39
2026-06-08 16:30:15.549 +03:00 [INF] Application started. Press Ctrl+C to shut down.
2026-06-08 16:30:15.552 +03:00 [INF] Hosting environment: Development
2026-06-08 16:30:15.557 +03:00 [INF] Content root path: D:\C# Projects\AmbulatoryCarePortal\src\AmbulatoryCarePortal.Presentation
2026-06-08 16:30:15.747 +03:00 [INF] Request starting HTTP/2 GET https://localhost:2167/ - null null
2026-06-08 16:30:16.294 +03:00 [INF] Executing endpoint 'AmbulatoryCarePortal.Presentation.Controllers.HomeController.Index (AmbulatoryCarePortal.Presentation)'
2026-06-08 16:30:16.335 +03:00 [INF] Route matched with {action = "Index", controller = "Home", area = ""}. Executing controller action with signature Microsoft.AspNetCore.Mvc.IActionResult Index() on controller AmbulatoryCarePortal.Presentation.Controllers.HomeController (AmbulatoryCarePortal.Presentation).
2026-06-08 16:30:16.407 +03:00 [INF] Executing RedirectResult, redirecting to /Account/Login.
2026-06-08 16:30:16.422 +03:00 [INF] Executed action AmbulatoryCarePortal.Presentation.Controllers.HomeController.Index (AmbulatoryCarePortal.Presentation) in 66.2477ms
2026-06-08 16:30:16.426 +03:00 [INF] Executed endpoint 'AmbulatoryCarePortal.Presentation.Controllers.HomeController.Index (AmbulatoryCarePortal.Presentation)'
2026-06-08 16:30:16.453 +03:00 [INF] Request finished HTTP/2 GET https://localhost:2167/ - 302 null null 722.0631ms
2026-06-08 16:30:16.463 +03:00 [INF] Request starting HTTP/2 GET https://localhost:2167/Account/Login - null null
2026-06-08 16:30:16.489 +03:00 [INF] Executing endpoint 'AmbulatoryCarePortal.Presentation.Controllers.AccountController.Login (AmbulatoryCarePortal.Presentation)'
2026-06-08 16:30:16.515 +03:00 [INF] Route matched with {action = "Login", controller = "Account", area = ""}. Executing controller action with signature Microsoft.AspNetCore.Mvc.IActionResult Login(System.String) on controller AmbulatoryCarePortal.Presentation.Controllers.AccountController (AmbulatoryCarePortal.Presentation).
2026-06-08 16:30:16.618 +03:00 [INF] Executing ViewResult, running view Login.
2026-06-08 16:30:17.138 +03:00 [INF] Executed ViewResult - view Login executed in 539.3103ms.
2026-06-08 16:30:17.178 +03:00 [INF] Executed action AmbulatoryCarePortal.Presentation.Controllers.AccountController.Login (AmbulatoryCarePortal.Presentation) in 657.7456ms
2026-06-08 16:30:17.214 +03:00 [INF] Executed endpoint 'AmbulatoryCarePortal.Presentation.Controllers.AccountController.Login (AmbulatoryCarePortal.Presentation)'
2026-06-08 16:30:17.219 +03:00 [INF] Request starting HTTP/2 GET https://localhost:2167/css/site.css?v=2uHBcE7LfO7QtB_52QJ9t7KfjORV2CLPAeZ3Ef79CEM - null null
2026-06-08 16:30:17.227 +03:00 [INF] Request starting HTTP/2 GET https://localhost:2167/css/login.css?v=bKohmojw54cTW9WDNx5gDrxUloFX0lntkSWl4-tiGXE - null null
2026-06-08 16:30:17.237 +03:00 [INF] Request finished HTTP/2 GET https://localhost:2167/Account/Login - 200 null text/html; charset=utf-8 773.3062ms
2026-06-08 16:30:17.239 +03:00 [INF] Request starting HTTP/2 GET https://localhost:2167/_framework/aspnetcore-browser-refresh.js - null null
2026-06-08 16:30:17.249 +03:00 [INF] Request starting HTTP/2 GET https://localhost:2167/js/site.js?v=xAv_dblkBCzn0qb3w17KovpH4NIwvlCStGLeOnr-y38 - null null
2026-06-08 16:30:17.294 +03:00 [INF] Request finished HTTP/2 GET https://localhost:2167/_framework/aspnetcore-browser-refresh.js - 200 14970 application/javascript; charset=utf-8 56.4882ms
2026-06-08 16:30:17.325 +03:00 [INF] Request starting HTTP/2 GET https://localhost:2167/_vs/browserLink - null null
2026-06-08 16:30:17.342 +03:00 [INF] Sending file. Request path: '/css/login.css'. Physical path: 'D:\C# Projects\AmbulatoryCarePortal\src\AmbulatoryCarePortal.Presentation\wwwroot\css\login.css'
2026-06-08 16:30:17.347 +03:00 [INF] Request finished HTTP/2 GET https://localhost:2167/css/login.css?v=bKohmojw54cTW9WDNx5gDrxUloFX0lntkSWl4-tiGXE - 200 3444 text/css 121.1163ms
2026-06-08 16:30:17.440 +03:00 [INF] Sending file. Request path: '/css/site.css'. Physical path: 'D:\C# Projects\AmbulatoryCarePortal\src\AmbulatoryCarePortal.Presentation\wwwroot\css\site.css'
2026-06-08 16:30:17.441 +03:00 [INF] Sending file. Request path: '/js/site.js'. Physical path: 'D:\C# Projects\AmbulatoryCarePortal\src\AmbulatoryCarePortal.Presentation\wwwroot\js\site.js'
2026-06-08 16:30:17.467 +03:00 [INF] Request finished HTTP/2 GET https://localhost:2167/js/site.js?v=xAv_dblkBCzn0qb3w17KovpH4NIwvlCStGLeOnr-y38 - 200 8485 text/javascript 218.6753ms
2026-06-08 16:30:17.460 +03:00 [INF] Request finished HTTP/2 GET https://localhost:2167/css/site.css?v=2uHBcE7LfO7QtB_52QJ9t7KfjORV2CLPAeZ3Ef79CEM - 200 7736 text/css 240.8827ms
2026-06-08 16:30:17.652 +03:00 [INF] Request finished HTTP/2 GET https://localhost:2167/_vs/browserLink - 200 null text/javascript; charset=UTF-8 327.2886ms
2026-06-08 16:30:47.405 +03:00 [INF] Request starting HTTP/2 POST https://localhost:2167/Account/Login - application/x-www-form-urlencoded 273
2026-06-08 16:30:47.477 +03:00 [INF] Executing endpoint 'AmbulatoryCarePortal.Presentation.Controllers.AccountController.Login (AmbulatoryCarePortal.Presentation)'
2026-06-08 16:30:47.504 +03:00 [INF] Route matched with {action = "Login", controller = "Account", area = ""}. Executing controller action with signature System.Threading.Tasks.Task`1[Microsoft.AspNetCore.Mvc.IActionResult] Login(AmbulatoryCarePortal.Presentation.ViewModels.LoginViewModel, System.String) on controller AmbulatoryCarePortal.Presentation.Controllers.AccountController (AmbulatoryCarePortal.Presentation).
2026-06-08 16:30:47.894 +03:00 [INF] Executed DbCommand (8ms) [Parameters=[@__normalizedUserName_0='?' (Size = 256)], CommandType='"Text"', CommandTimeout='30']
SELECT TOP(1) [a].[Id], [a].[AccessFailedCount], [a].[ClinicId], [a].[ConcurrencyStamp], [a].[CreatedAt], [a].[DepartmentId], [a].[Email], [a].[EmailConfirmed], [a].[FullNameAr], [a].[FullNameEn], [a].[IsActive], [a].[LastLoginAt], [a].[LockoutEnabled], [a].[LockoutEnd], [a].[NormalizedEmail], [a].[NormalizedUserName], [a].[PasswordHash], [a].[PhoneNumber], [a].[PhoneNumberConfirmed], [a].[ProfilePhotoPath], [a].[SecurityStamp], [a].[TwoFactorEnabled], [a].[UserName]
FROM [AspNetUsers] AS [a]
WHERE [a].[NormalizedUserName] = @__normalizedUserName_0
2026-06-08 16:30:48.210 +03:00 [INF] Executed DbCommand (6ms) [Parameters=[@__user_Id_0='?' (Size = 450)], CommandType='"Text"', CommandTimeout='30']
SELECT [a].[Id], [a].[ClaimType], [a].[ClaimValue], [a].[UserId]
FROM [AspNetUserClaims] AS [a]
WHERE [a].[UserId] = @__user_Id_0
2026-06-08 16:30:48.296 +03:00 [INF] Executed DbCommand (15ms) [Parameters=[@__userId_0='?' (Size = 450)], CommandType='"Text"', CommandTimeout='30']
SELECT [a0].[Name]
FROM [AspNetUserRoles] AS [a]
INNER JOIN [AspNetRoles] AS [a0] ON [a].[RoleId] = [a0].[Id]
WHERE [a].[UserId] = @__userId_0
2026-06-08 16:30:48.324 +03:00 [INF] Executed DbCommand (4ms) [Parameters=[@__normalizedName_0='?' (Size = 256)], CommandType='"Text"', CommandTimeout='30']
SELECT TOP(1) [a].[Id], [a].[ConcurrencyStamp], [a].[Name], [a].[NormalizedName]
FROM [AspNetRoles] AS [a]
WHERE [a].[NormalizedName] = @__normalizedName_0
2026-06-08 16:30:48.354 +03:00 [INF] Executed DbCommand (5ms) [Parameters=[@__role_Id_0='?' (Size = 450)], CommandType='"Text"', CommandTimeout='30']
SELECT [a].[ClaimType], [a].[ClaimValue]
FROM [AspNetRoleClaims] AS [a]
WHERE [a].[RoleId] = @__role_Id_0
2026-06-08 16:30:48.378 +03:00 [INF] AuthenticationScheme: Identity.Application signed in.
2026-06-08 16:30:48.385 +03:00 [INF] User admin@cbahi-portal.com logged in successfully.
2026-06-08 16:30:48.398 +03:00 [INF] Executing LocalRedirectResult, redirecting to /.
2026-06-08 16:30:48.400 +03:00 [INF] Executed action AmbulatoryCarePortal.Presentation.Controllers.AccountController.Login (AmbulatoryCarePortal.Presentation) in 885.3486ms
2026-06-08 16:30:48.413 +03:00 [INF] Executed endpoint 'AmbulatoryCarePortal.Presentation.Controllers.AccountController.Login (AmbulatoryCarePortal.Presentation)'
2026-06-08 16:30:48.434 +03:00 [INF] Request finished HTTP/2 POST https://localhost:2167/Account/Login - 302 null null 1028.9743ms
2026-06-08 16:30:48.435 +03:00 [INF] Request starting HTTP/2 GET https://localhost:2167/ - null null
2026-06-08 16:30:48.468 +03:00 [INF] Executing endpoint 'AmbulatoryCarePortal.Presentation.Controllers.HomeController.Index (AmbulatoryCarePortal.Presentation)'
2026-06-08 16:30:48.474 +03:00 [INF] Route matched with {action = "Index", controller = "Home", area = ""}. Executing controller action with signature Microsoft.AspNetCore.Mvc.IActionResult Index() on controller AmbulatoryCarePortal.Presentation.Controllers.HomeController (AmbulatoryCarePortal.Presentation).
2026-06-08 16:30:48.485 +03:00 [INF] Executing RedirectResult, redirecting to /SuperAdmin.
2026-06-08 16:30:48.487 +03:00 [INF] Executed action AmbulatoryCarePortal.Presentation.Controllers.HomeController.Index (AmbulatoryCarePortal.Presentation) in 8.187ms
2026-06-08 16:30:48.495 +03:00 [INF] Executed endpoint 'AmbulatoryCarePortal.Presentation.Controllers.HomeController.Index (AmbulatoryCarePortal.Presentation)'
2026-06-08 16:30:48.501 +03:00 [INF] Request finished HTTP/2 GET https://localhost:2167/ - 302 null null 65.6864ms
2026-06-08 16:30:48.516 +03:00 [INF] Request starting HTTP/2 GET https://localhost:2167/SuperAdmin - null null
2026-06-08 16:30:48.601 +03:00 [INF] Executing endpoint 'AmbulatoryCarePortal.Presentation.Areas.SuperAdmin.Controllers.DashboardController.Index (AmbulatoryCarePortal.Presentation)'
2026-06-08 16:30:48.620 +03:00 [INF] Route matched with {area = "SuperAdmin", action = "Index", controller = "Dashboard"}. Executing controller action with signature System.Threading.Tasks.Task`1[Microsoft.AspNetCore.Mvc.IActionResult] Index() on controller AmbulatoryCarePortal.Presentation.Areas.SuperAdmin.Controllers.DashboardController (AmbulatoryCarePortal.Presentation).
2026-06-08 16:30:49.173 +03:00 [INF] Executed DbCommand (5ms) [Parameters=[], CommandType='"Text"', CommandTimeout='30']
SELECT COUNT(*)
FROM [Clinics] AS [c]
WHERE [c].[IsDeleted] = CAST(0 AS bit)
2026-06-08 16:30:49.239 +03:00 [INF] Executed DbCommand (9ms) [Parameters=[@__p_0='?' (DbType = Int32), @__p_1='?' (DbType = Int32)], CommandType='"Text"', CommandTimeout='30']
SELECT [c].[Id], [c].[CityAr], [c].[CityEn], [c].[ClinicType], [c].[ComplianceScore], [c].[CreatedAt], [c].[CreatedBy], [c].[IsActive], [c].[IsDeleted], [c].[LicenseExpiry], [c].[LicenseNumber], [c].[LogoPath], [c].[Name], [c].[NameAr], [c].[UpdatedAt], [c].[UpdatedBy]
FROM [Clinics] AS [c]
WHERE [c].[IsDeleted] = CAST(0 AS bit)
ORDER BY [c].[Name]
OFFSET @__p_0 ROWS FETCH NEXT @__p_1 ROWS ONLY
2026-06-08 16:30:49.972 +03:00 [INF] Executing ViewResult, running view Index.
2026-06-08 16:30:50.584 +03:00 [INF] Executed ViewResult - view Index executed in 615.8803ms.
2026-06-08 16:30:50.591 +03:00 [INF] Executed action AmbulatoryCarePortal.Presentation.Areas.SuperAdmin.Controllers.DashboardController.Index (AmbulatoryCarePortal.Presentation) in 1960.1725ms
2026-06-08 16:30:50.601 +03:00 [INF] Executed endpoint 'AmbulatoryCarePortal.Presentation.Areas.SuperAdmin.Controllers.DashboardController.Index (AmbulatoryCarePortal.Presentation)'
2026-06-08 16:30:50.685 +03:00 [INF] Request starting HTTP/2 GET https://localhost:2167/_framework/aspnetcore-browser-refresh.js - null null
2026-06-08 16:30:50.685 +03:00 [INF] Request starting HTTP/2 GET https://localhost:2167/_vs/browserLink - null null
2026-06-08 16:30:50.691 +03:00 [INF] Request finished HTTP/2 GET https://localhost:2167/SuperAdmin - 200 null text/html; charset=utf-8 2175.7297ms
2026-06-08 16:30:50.704 +03:00 [INF] Request finished HTTP/2 GET https://localhost:2167/_framework/aspnetcore-browser-refresh.js - 200 14970 application/javascript; charset=utf-8 18.313ms
2026-06-08 16:30:50.785 +03:00 [INF] Request finished HTTP/2 GET https://localhost:2167/_vs/browserLink - 200 null text/javascript; charset=UTF-8 99.6185ms
2026-06-08 16:30:57.250 +03:00 [INF] Request starting HTTP/2 GET https://localhost:2167/Account/Profile - null null
2026-06-08 16:30:57.292 +03:00 [INF] Executing endpoint 'AmbulatoryCarePortal.Presentation.Controllers.AccountController.Profile (AmbulatoryCarePortal.Presentation)'
2026-06-08 16:30:57.307 +03:00 [INF] Route matched with {action = "Profile", controller = "Account", area = ""}. Executing controller action with signature System.Threading.Tasks.Task`1[Microsoft.AspNetCore.Mvc.IActionResult] Profile() on controller AmbulatoryCarePortal.Presentation.Controllers.AccountController (AmbulatoryCarePortal.Presentation).
2026-06-08 16:30:57.417 +03:00 [INF] Executed DbCommand (29ms) [Parameters=[@__p_0='?' (Size = 450)], CommandType='"Text"', CommandTimeout='30']
SELECT TOP(1) [a].[Id], [a].[AccessFailedCount], [a].[ClinicId], [a].[ConcurrencyStamp], [a].[CreatedAt], [a].[DepartmentId], [a].[Email], [a].[EmailConfirmed], [a].[FullNameAr], [a].[FullNameEn], [a].[IsActive], [a].[LastLoginAt], [a].[LockoutEnabled], [a].[LockoutEnd], [a].[NormalizedEmail], [a].[NormalizedUserName], [a].[PasswordHash], [a].[PhoneNumber], [a].[PhoneNumberConfirmed], [a].[ProfilePhotoPath], [a].[SecurityStamp], [a].[TwoFactorEnabled], [a].[UserName]
FROM [AspNetUsers] AS [a]
WHERE [a].[Id] = @__p_0
2026-06-08 16:30:57.438 +03:00 [INF] Executed DbCommand (7ms) [Parameters=[@__userId_0='?' (Size = 450)], CommandType='"Text"', CommandTimeout='30']
SELECT [a0].[Name]
FROM [AspNetUserRoles] AS [a]
INNER JOIN [AspNetRoles] AS [a0] ON [a].[RoleId] = [a0].[Id]
WHERE [a].[UserId] = @__userId_0
2026-06-08 16:30:57.459 +03:00 [INF] Executing ViewResult, running view Profile.
2026-06-08 16:30:57.489 +03:00 [INF] Executed ViewResult - view Profile executed in 32.0358ms.
2026-06-08 16:30:57.556 +03:00 [INF] Executed action AmbulatoryCarePortal.Presentation.Controllers.AccountController.Profile (AmbulatoryCarePortal.Presentation) in 244.1568ms
2026-06-08 16:30:57.566 +03:00 [INF] Executed endpoint 'AmbulatoryCarePortal.Presentation.Controllers.AccountController.Profile (AmbulatoryCarePortal.Presentation)'
2026-06-08 16:30:57.571 +03:00 [INF] Request finished HTTP/2 GET https://localhost:2167/Account/Profile - 200 null text/html; charset=utf-8 321.6722ms
2026-06-08 16:30:57.574 +03:00 [INF] Request starting HTTP/2 GET https://localhost:2167/_framework/aspnetcore-browser-refresh.js - null null
2026-06-08 16:30:57.576 +03:00 [INF] Request starting HTTP/2 GET https://localhost:2167/css/site.css?v=2uHBcE7LfO7QtB_52QJ9t7KfjORV2CLPAeZ3Ef79CEM - null null
2026-06-08 16:30:57.587 +03:00 [INF] Request starting HTTP/2 GET https://localhost:2167/_vs/browserLink - null null
2026-06-08 16:30:57.587 +03:00 [INF] Request starting HTTP/2 GET https://localhost:2167/js/site.js?v=xAv_dblkBCzn0qb3w17KovpH4NIwvlCStGLeOnr-y38 - null null
2026-06-08 16:30:57.650 +03:00 [INF] Request finished HTTP/2 GET https://localhost:2167/_framework/aspnetcore-browser-refresh.js - 200 14970 application/javascript; charset=utf-8 76.5112ms
2026-06-08 16:30:57.663 +03:00 [INF] The file /css/site.css was not modified
2026-06-08 16:30:57.690 +03:00 [INF] The file /js/site.js was not modified
2026-06-08 16:30:57.713 +03:00 [INF] Request finished HTTP/2 GET https://localhost:2167/js/site.js?v=xAv_dblkBCzn0qb3w17KovpH4NIwvlCStGLeOnr-y38 - 304 null text/javascript 126.9805ms
2026-06-08 16:30:57.709 +03:00 [INF] Request finished HTTP/2 GET https://localhost:2167/css/site.css?v=2uHBcE7LfO7QtB_52QJ9t7KfjORV2CLPAeZ3Ef79CEM - 304 null text/css 132.4585ms
2026-06-08 16:30:57.844 +03:00 [INF] Request finished HTTP/2 GET https://localhost:2167/_vs/browserLink - 200 null text/javascript; charset=UTF-8 256.6696ms
2026-06-08 16:31:58.058 +03:00 [INF] Request starting HTTP/2 GET https://localhost:2167/ClinicAdmin/Notifications/Index - null null
2026-06-08 16:31:58.107 +03:00 [INF] Authorization failed. These requirements were not met:
RolesAuthorizationRequirement:User.IsInRole must be true for one of the following roles: (HospitalAdmin|ClinicAdmin|DepartmentUser|Auditor|Viewer)
2026-06-08 16:31:58.117 +03:00 [INF] AuthenticationScheme: Identity.Application was forbidden.
2026-06-08 16:31:58.120 +03:00 [INF] Request finished HTTP/2 GET https://localhost:2167/ClinicAdmin/Notifications/Index - 403 0 null 61.4582ms
2026-06-08 16:32:08.684 +03:00 [INF] Request starting HTTP/2 GET https://localhost:2167/SuperAdmin/Dashboard/AuditLog - null null
2026-06-08 16:32:08.719 +03:00 [INF] Executing endpoint 'AmbulatoryCarePortal.Presentation.Areas.SuperAdmin.Controllers.DashboardController.AuditLog (AmbulatoryCarePortal.Presentation)'
2026-06-08 16:32:08.733 +03:00 [INF] Route matched with {area = "SuperAdmin", action = "AuditLog", controller = "Dashboard"}. Executing controller action with signature System.Threading.Tasks.Task`1[Microsoft.AspNetCore.Mvc.IActionResult] AuditLog(Int32, Int32) on controller AmbulatoryCarePortal.Presentation.Areas.SuperAdmin.Controllers.DashboardController (AmbulatoryCarePortal.Presentation).
2026-06-08 16:32:08.809 +03:00 [INF] Executed DbCommand (10ms) [Parameters=[@__clinicId_0='?' (DbType = Int32)], CommandType='"Text"', CommandTimeout='30']
SELECT [a].[Id], [a].[ActionDate], [a].[ActionType], [a].[ClinicId], [a].[CreatedAt], [a].[CreatedBy], [a].[Description], [a].[IpAddress], [a].[IsDeleted], [a].[NewValues], [a].[OldValues], [a].[PolicyDocumentId], [a].[TargetObjectId], [a].[TargetObjectType], [a].[UpdatedAt], [a].[UpdatedBy], [a].[UserId]
FROM [AuditTrails] AS [a]
WHERE [a].[IsDeleted] = CAST(0 AS bit) AND [a].[ClinicId] = @__clinicId_0
2026-06-08 16:32:09.365 +03:00 [INF] Executing ViewResult, running view AuditLog.
2026-06-08 16:32:09.785 +03:00 [INF] Executed ViewResult - view AuditLog executed in 422.1914ms.
2026-06-08 16:32:09.830 +03:00 [INF] Executed action AmbulatoryCarePortal.Presentation.Areas.SuperAdmin.Controllers.DashboardController.AuditLog (AmbulatoryCarePortal.Presentation) in 1089.504ms
2026-06-08 16:32:09.834 +03:00 [INF] Executed endpoint 'AmbulatoryCarePortal.Presentation.Areas.SuperAdmin.Controllers.DashboardController.AuditLog (AmbulatoryCarePortal.Presentation)'
2026-06-08 16:32:09.839 +03:00 [INF] Request finished HTTP/2 GET https://localhost:2167/SuperAdmin/Dashboard/AuditLog - 200 null text/html; charset=utf-8 1155.8725ms
2026-06-08 16:32:09.884 +03:00 [INF] Request starting HTTP/2 GET https://localhost:2167/css/site.css?v=2uHBcE7LfO7QtB_52QJ9t7KfjORV2CLPAeZ3Ef79CEM - null null
2026-06-08 16:32:09.898 +03:00 [INF] Request starting HTTP/2 GET https://localhost:2167/_vs/browserLink - null null
2026-06-08 16:32:09.888 +03:00 [INF] Request starting HTTP/2 GET https://localhost:2167/_framework/aspnetcore-browser-refresh.js - null null
2026-06-08 16:32:09.925 +03:00 [INF] The file /css/site.css was not modified
2026-06-08 16:32:09.885 +03:00 [INF] Request starting HTTP/2 GET https://localhost:2167/js/site.js?v=xAv_dblkBCzn0qb3w17KovpH4NIwvlCStGLeOnr-y38 - null null
2026-06-08 16:32:09.939 +03:00 [INF] Request finished HTTP/2 GET https://localhost:2167/_framework/aspnetcore-browser-refresh.js - 200 14970 application/javascript; charset=utf-8 50.6322ms
2026-06-08 16:32:09.940 +03:00 [INF] Request finished HTTP/2 GET https://localhost:2167/css/site.css?v=2uHBcE7LfO7QtB_52QJ9t7KfjORV2CLPAeZ3Ef79CEM - 304 null text/css 61.9293ms
2026-06-08 16:32:09.970 +03:00 [INF] The file /js/site.js was not modified
2026-06-08 16:32:10.051 +03:00 [INF] Request finished HTTP/2 GET https://localhost:2167/_vs/browserLink - 200 null text/javascript; charset=UTF-8 157.6699ms
2026-06-08 16:32:10.064 +03:00 [INF] Request finished HTTP/2 GET https://localhost:2167/js/site.js?v=xAv_dblkBCzn0qb3w17KovpH4NIwvlCStGLeOnr-y38 - 304 null text/javascript 178.9288ms
2026-06-08 16:33:11.077 +03:00 [INF] Request starting HTTP/2 GET https://localhost:2167/ClinicAdmin/Notifications/Index - null null
2026-06-08 16:33:11.113 +03:00 [INF] Authorization failed. These requirements were not met:
RolesAuthorizationRequirement:User.IsInRole must be true for one of the following roles: (HospitalAdmin|ClinicAdmin|DepartmentUser|Auditor|Viewer)
2026-06-08 16:33:11.117 +03:00 [INF] AuthenticationScheme: Identity.Application was forbidden.
2026-06-08 16:33:11.120 +03:00 [INF] Request finished HTTP/2 GET https://localhost:2167/ClinicAdmin/Notifications/Index - 403 0 null 44.4213ms
2026-06-08 16:33:24.125 +03:00 [INF] Request starting HTTP/2 GET https://localhost:2167/SuperAdmin/Dashboard - null null
2026-06-08 16:33:24.168 +03:00 [INF] Executing endpoint 'AmbulatoryCarePortal.Presentation.Areas.SuperAdmin.Controllers.DashboardController.Index (AmbulatoryCarePortal.Presentation)'
2026-06-08 16:33:24.174 +03:00 [INF] Route matched with {area = "SuperAdmin", action = "Index", controller = "Dashboard"}. Executing controller action with signature System.Threading.Tasks.Task`1[Microsoft.AspNetCore.Mvc.IActionResult] Index() on controller AmbulatoryCarePortal.Presentation.Areas.SuperAdmin.Controllers.DashboardController (AmbulatoryCarePortal.Presentation).
2026-06-08 16:33:24.190 +03:00 [INF] Executed DbCommand (3ms) [Parameters=[], CommandType='"Text"', CommandTimeout='30']
SELECT COUNT(*)
FROM [Clinics] AS [c]
WHERE [c].[IsDeleted] = CAST(0 AS bit)
2026-06-08 16:33:24.210 +03:00 [INF] Executed DbCommand (3ms) [Parameters=[@__p_0='?' (DbType = Int32), @__p_1='?' (DbType = Int32)], CommandType='"Text"', CommandTimeout='30']
SELECT [c].[Id], [c].[CityAr], [c].[CityEn], [c].[ClinicType], [c].[ComplianceScore], [c].[CreatedAt], [c].[CreatedBy], [c].[IsActive], [c].[IsDeleted], [c].[LicenseExpiry], [c].[LicenseNumber], [c].[LogoPath], [c].[Name], [c].[NameAr], [c].[UpdatedAt], [c].[UpdatedBy]
FROM [Clinics] AS [c]
WHERE [c].[IsDeleted] = CAST(0 AS bit)
ORDER BY [c].[Name]
OFFSET @__p_0 ROWS FETCH NEXT @__p_1 ROWS ONLY
2026-06-08 16:33:24.230 +03:00 [INF] Executing ViewResult, running view Index.
2026-06-08 16:33:24.247 +03:00 [INF] Executed ViewResult - view Index executed in 17.8089ms.
2026-06-08 16:33:24.254 +03:00 [INF] Executed action AmbulatoryCarePortal.Presentation.Areas.SuperAdmin.Controllers.DashboardController.Index (AmbulatoryCarePortal.Presentation) in 73.5715ms
2026-06-08 16:33:24.276 +03:00 [INF] Executed endpoint 'AmbulatoryCarePortal.Presentation.Areas.SuperAdmin.Controllers.DashboardController.Index (AmbulatoryCarePortal.Presentation)'
2026-06-08 16:33:24.299 +03:00 [INF] Request finished HTTP/2 GET https://localhost:2167/SuperAdmin/Dashboard - 200 null text/html; charset=utf-8 174.4652ms
2026-06-08 16:33:24.343 +03:00 [INF] Request starting HTTP/2 GET https://localhost:2167/js/site.js?v=xAv_dblkBCzn0qb3w17KovpH4NIwvlCStGLeOnr-y38 - null null
2026-06-08 16:33:24.343 +03:00 [INF] Request starting HTTP/2 GET https://localhost:2167/css/site.css?v=2uHBcE7LfO7QtB_52QJ9t7KfjORV2CLPAeZ3Ef79CEM - null null
2026-06-08 16:33:24.350 +03:00 [INF] Request starting HTTP/2 GET https://localhost:2167/_framework/aspnetcore-browser-refresh.js - null null
2026-06-08 16:33:24.345 +03:00 [INF] Request starting HTTP/2 GET https://localhost:2167/_vs/browserLink - null null
2026-06-08 16:33:24.394 +03:00 [INF] The file /js/site.js was not modified
2026-06-08 16:33:24.398 +03:00 [INF] The file /css/site.css was not modified
2026-06-08 16:33:24.423 +03:00 [INF] Request finished HTTP/2 GET https://localhost:2167/js/site.js?v=xAv_dblkBCzn0qb3w17KovpH4NIwvlCStGLeOnr-y38 - 304 null text/javascript 79.9379ms
2026-06-08 16:33:24.429 +03:00 [INF] Request finished HTTP/2 GET https://localhost:2167/css/site.css?v=2uHBcE7LfO7QtB_52QJ9t7KfjORV2CLPAeZ3Ef79CEM - 304 null text/css 86.2957ms
2026-06-08 16:33:24.409 +03:00 [INF] Request finished HTTP/2 GET https://localhost:2167/_framework/aspnetcore-browser-refresh.js - 200 14970 application/javascript; charset=utf-8 60.2369ms
2026-06-08 16:33:24.522 +03:00 [INF] Request finished HTTP/2 GET https://localhost:2167/_vs/browserLink - 200 null text/javascript; charset=UTF-8 177.3203ms
2026-06-08 16:33:29.996 +03:00 [INF] Request starting HTTP/2 GET https://localhost:2167/SuperAdmin/Dashboard/CreateClinic - null null
2026-06-08 16:33:30.014 +03:00 [INF] Executing endpoint 'AmbulatoryCarePortal.Presentation.Areas.SuperAdmin.Controllers.DashboardController.CreateClinic (AmbulatoryCarePortal.Presentation)'
2026-06-08 16:33:30.024 +03:00 [INF] Route matched with {area = "SuperAdmin", action = "CreateClinic", controller = "Dashboard"}. Executing controller action with signature Microsoft.AspNetCore.Mvc.IActionResult CreateClinic() on controller AmbulatoryCarePortal.Presentation.Areas.SuperAdmin.Controllers.DashboardController (AmbulatoryCarePortal.Presentation).
2026-06-08 16:33:30.503 +03:00 [INF] Executing ViewResult, running view CreateClinic.
2026-06-08 16:33:30.716 +03:00 [INF] Executed ViewResult - view CreateClinic executed in 215.1933ms.
2026-06-08 16:33:30.723 +03:00 [INF] Executed action AmbulatoryCarePortal.Presentation.Areas.SuperAdmin.Controllers.DashboardController.CreateClinic (AmbulatoryCarePortal.Presentation) in 692.5152ms
2026-06-08 16:33:30.814 +03:00 [INF] Executed endpoint 'AmbulatoryCarePortal.Presentation.Areas.SuperAdmin.Controllers.DashboardController.CreateClinic (AmbulatoryCarePortal.Presentation)'
2026-06-08 16:33:30.949 +03:00 [INF] Request starting HTTP/2 GET https://localhost:2167/_framework/aspnetcore-browser-refresh.js - null null
2026-06-08 16:33:30.951 +03:00 [INF] Request starting HTTP/2 GET https://localhost:2167/_vs/browserLink - null null
2026-06-08 16:33:30.959 +03:00 [INF] Request finished HTTP/2 GET https://localhost:2167/SuperAdmin/Dashboard/CreateClinic - 200 null text/html; charset=utf-8 961.9924ms
2026-06-08 16:33:30.968 +03:00 [INF] Request finished HTTP/2 GET https://localhost:2167/_framework/aspnetcore-browser-refresh.js - 200 14970 application/javascript; charset=utf-8 18.672ms
2026-06-08 16:33:31.101 +03:00 [INF] Request finished HTTP/2 GET https://localhost:2167/_vs/browserLink - 200 null text/javascript; charset=UTF-8 150.3852ms
2026-06-08 16:33:36.404 +03:00 [INF] Request starting HTTP/2 GET https://localhost:2167/SuperAdmin/Dashboard/Clinics - null null
2026-06-08 16:33:36.418 +03:00 [INF] Executing endpoint 'AmbulatoryCarePortal.Presentation.Areas.SuperAdmin.Controllers.DashboardController.Clinics (AmbulatoryCarePortal.Presentation)'
2026-06-08 16:33:36.435 +03:00 [INF] Route matched with {area = "SuperAdmin", action = "Clinics", controller = "Dashboard"}. Executing controller action with signature System.Threading.Tasks.Task`1[Microsoft.AspNetCore.Mvc.IActionResult] Clinics(Int32, Int32) on controller AmbulatoryCarePortal.Presentation.Areas.SuperAdmin.Controllers.DashboardController (AmbulatoryCarePortal.Presentation).
2026-06-08 16:33:36.451 +03:00 [INF] Executed DbCommand (3ms) [Parameters=[], CommandType='"Text"', CommandTimeout='30']
SELECT COUNT(*)
FROM [Clinics] AS [c]
WHERE [c].[IsDeleted] = CAST(0 AS bit)
2026-06-08 16:33:36.467 +03:00 [INF] Executed DbCommand (2ms) [Parameters=[@__p_0='?' (DbType = Int32), @__p_1='?' (DbType = Int32)], CommandType='"Text"', CommandTimeout='30']
SELECT [c].[Id], [c].[CityAr], [c].[CityEn], [c].[ClinicType], [c].[ComplianceScore], [c].[CreatedAt], [c].[CreatedBy], [c].[IsActive], [c].[IsDeleted], [c].[LicenseExpiry], [c].[LicenseNumber], [c].[LogoPath], [c].[Name], [c].[NameAr], [c].[UpdatedAt], [c].[UpdatedBy]
FROM [Clinics] AS [c]
WHERE [c].[IsDeleted] = CAST(0 AS bit)
ORDER BY [c].[Name]
OFFSET @__p_0 ROWS FETCH NEXT @__p_1 ROWS ONLY
2026-06-08 16:33:36.753 +03:00 [INF] Executing ViewResult, running view Clinics.
2026-06-08 16:33:36.809 +03:00 [INF] Executed ViewResult - view Clinics executed in 57.0216ms.
2026-06-08 16:33:36.886 +03:00 [INF] Executed action AmbulatoryCarePortal.Presentation.Areas.SuperAdmin.Controllers.DashboardController.Clinics (AmbulatoryCarePortal.Presentation) in 442.0832ms
2026-06-08 16:33:36.913 +03:00 [INF] Request starting HTTP/2 GET https://localhost:2167/_framework/aspnetcore-browser-refresh.js - null null
2026-06-08 16:33:36.950 +03:00 [INF] Request finished HTTP/2 GET https://localhost:2167/_framework/aspnetcore-browser-refresh.js - 200 14970 application/javascript; charset=utf-8 36.7238ms
2026-06-08 16:33:36.932 +03:00 [INF] Executed endpoint 'AmbulatoryCarePortal.Presentation.Areas.SuperAdmin.Controllers.DashboardController.Clinics (AmbulatoryCarePortal.Presentation)'
2026-06-08 16:33:36.913 +03:00 [INF] Request starting HTTP/2 GET https://localhost:2167/_vs/browserLink - null null
2026-06-08 16:33:36.970 +03:00 [INF] Request finished HTTP/2 GET https://localhost:2167/SuperAdmin/Dashboard/Clinics - 200 null text/html; charset=utf-8 565.7765ms
2026-06-08 16:33:37.345 +03:00 [INF] Request finished HTTP/2 GET https://localhost:2167/_vs/browserLink - 200 null text/javascript; charset=UTF-8 432.0598ms
2026-06-08 16:33:41.324 +03:00 [INF] Request starting HTTP/2 GET https://localhost:2167/SuperAdmin/Dashboard/ClinicDetail/1 - null null
2026-06-08 16:33:41.337 +03:00 [INF] Executing endpoint 'AmbulatoryCarePortal.Presentation.Areas.SuperAdmin.Controllers.DashboardController.ClinicDetail (AmbulatoryCarePortal.Presentation)'
2026-06-08 16:33:41.349 +03:00 [INF] Route matched with {area = "SuperAdmin", action = "ClinicDetail", controller = "Dashboard"}. Executing controller action with signature System.Threading.Tasks.Task`1[Microsoft.AspNetCore.Mvc.IActionResult] ClinicDetail(Int32) on controller AmbulatoryCarePortal.Presentation.Areas.SuperAdmin.Controllers.DashboardController (AmbulatoryCarePortal.Presentation).
2026-06-08 16:33:41.429 +03:00 [INF] Executed DbCommand (11ms) [Parameters=[@__id_0='?' (DbType = Int32)], CommandType='"Text"', CommandTimeout='30']
SELECT TOP(1) [c].[Id], [c].[CityAr], [c].[CityEn], [c].[ClinicType], [c].[ComplianceScore], [c].[CreatedAt], [c].[CreatedBy], [c].[IsActive], [c].[IsDeleted], [c].[LicenseExpiry], [c].[LicenseNumber], [c].[LogoPath], [c].[Name], [c].[NameAr], [c].[UpdatedAt], [c].[UpdatedBy]
FROM [Clinics] AS [c]
WHERE [c].[IsDeleted] = CAST(0 AS bit) AND [c].[Id] = @__id_0
2026-06-08 16:33:41.455 +03:00 [INF] Executed DbCommand (7ms) [Parameters=[@__clinicId_0='?' (DbType = Int32)], CommandType='"Text"', CommandTimeout='30']
SELECT COUNT(*)
FROM [AspNetUsers] AS [a]
WHERE [a].[ClinicId] = @__clinicId_0
2026-06-08 16:33:41.481 +03:00 [INF] Executed DbCommand (9ms) [Parameters=[@__clinicId_0='?' (DbType = Int32)], CommandType='"Text"', CommandTimeout='30']
SELECT COUNT(*)
FROM [Departments] AS [d]
WHERE [d].[IsDeleted] = CAST(0 AS bit) AND [d].[ClinicId] = @__clinicId_0
2026-06-08 16:33:41.501 +03:00 [INF] Executed DbCommand (6ms) [Parameters=[@__clinicId_0='?' (DbType = Int32)], CommandType='"Text"', CommandTimeout='30']
SELECT COUNT(*)
FROM [PolicyDocuments] AS [p]
WHERE [p].[IsDeleted] = CAST(0 AS bit) AND [p].[ClinicId] = @__clinicId_0
2026-06-08 16:33:41.548 +03:00 [INF] Executed DbCommand (7ms) [Parameters=[@__clinicId_0='?' (DbType = Int32)], CommandType='"Text"', CommandTimeout='30']
SELECT COUNT(*)
FROM [PolicyDocuments] AS [p]
WHERE [p].[IsDeleted] = CAST(0 AS bit) AND [p].[ClinicId] = @__clinicId_0 AND [p].[DocumentStatus] IN (5, 6, 1)
2026-06-08 16:33:41.823 +03:00 [INF] Executing ViewResult, running view ClinicDetail.
2026-06-08 16:33:41.846 +03:00 [INF] Executed ViewResult - view ClinicDetail executed in 25.6291ms.
2026-06-08 16:33:41.850 +03:00 [INF] Executed action AmbulatoryCarePortal.Presentation.Areas.SuperAdmin.Controllers.DashboardController.ClinicDetail (AmbulatoryCarePortal.Presentation) in 492.5362ms
2026-06-08 16:33:41.855 +03:00 [INF] Executed endpoint 'AmbulatoryCarePortal.Presentation.Areas.SuperAdmin.Controllers.DashboardController.ClinicDetail (AmbulatoryCarePortal.Presentation)'
2026-06-08 16:33:41.865 +03:00 [INF] Request finished HTTP/2 GET https://localhost:2167/SuperAdmin/Dashboard/ClinicDetail/1 - 200 null text/html; charset=utf-8 541.9809ms
2026-06-08 16:33:41.937 +03:00 [INF] Request starting HTTP/2 GET https://localhost:2167/_framework/aspnetcore-browser-refresh.js - null null
2026-06-08 16:33:41.937 +03:00 [INF] Request starting HTTP/2 GET https://localhost:2167/_vs/browserLink - null null
2026-06-08 16:33:41.945 +03:00 [INF] Request finished HTTP/2 GET https://localhost:2167/_framework/aspnetcore-browser-refresh.js - 200 14970 application/javascript; charset=utf-8 8.4399ms
2026-06-08 16:33:42.064 +03:00 [INF] Request finished HTTP/2 GET https://localhost:2167/_vs/browserLink - 200 null text/javascript; charset=UTF-8 127.5084ms
2026-06-08 16:34:42.059 +03:00 [INF] Request starting HTTP/2 GET https://localhost:2167/ClinicAdmin/Notifications/Index - null null
2026-06-08 16:34:42.089 +03:00 [INF] Authorization failed. These requirements were not met:
RolesAuthorizationRequirement:User.IsInRole must be true for one of the following roles: (HospitalAdmin|ClinicAdmin|DepartmentUser|Auditor|Viewer)
2026-06-08 16:34:42.093 +03:00 [INF] AuthenticationScheme: Identity.Application was forbidden.
2026-06-08 16:34:42.096 +03:00 [INF] Request finished HTTP/2 GET https://localhost:2167/ClinicAdmin/Notifications/Index - 403 0 null 37.8751ms
2026-06-08 16:35:06.008 +03:00 [INF] Request starting HTTP/2 GET https://localhost:2167/SuperAdmin/UserManagement/Create?clinicId=1 - null null
2026-06-08 16:35:06.047 +03:00 [INF] Executing endpoint 'AmbulatoryCarePortal.Presentation.Areas.SuperAdmin.Controllers.UserManagementController.Create (AmbulatoryCarePortal.Presentation)'
2026-06-08 16:35:06.066 +03:00 [INF] Route matched with {area = "SuperAdmin", action = "Create", controller = "UserManagement"}. Executing controller action with signature System.Threading.Tasks.Task`1[Microsoft.AspNetCore.Mvc.IActionResult] Create() on controller AmbulatoryCarePortal.Presentation.Areas.SuperAdmin.Controllers.UserManagementController (AmbulatoryCarePortal.Presentation).
2026-06-08 16:35:06.141 +03:00 [INF] Executed DbCommand (13ms) [Parameters=[], CommandType='"Text"', CommandTimeout='30']
SELECT [a].[Id], [a].[ConcurrencyStamp], [a].[Name], [a].[NormalizedName]
FROM [AspNetRoles] AS [a]
2026-06-08 16:35:06.203 +03:00 [INF] Executed DbCommand (6ms) [Parameters=[], CommandType='"Text"', CommandTimeout='30']
SELECT [c].[Id], [c].[CityAr], [c].[CityEn], [c].[ClinicType], [c].[ComplianceScore], [c].[CreatedAt], [c].[CreatedBy], [c].[IsActive], [c].[IsDeleted], [c].[LicenseExpiry], [c].[LicenseNumber], [c].[LogoPath], [c].[Name], [c].[NameAr], [c].[UpdatedAt], [c].[UpdatedBy]
FROM [Clinics] AS [c]
WHERE [c].[IsDeleted] = CAST(0 AS bit)
2026-06-08 16:35:06.218 +03:00 [INF] Executing ViewResult, running view Create.
2026-06-08 16:35:06.407 +03:00 [INF] Executed ViewResult - view Create executed in 191.6123ms.
2026-06-08 16:35:06.413 +03:00 [INF] Executed action AmbulatoryCarePortal.Presentation.Areas.SuperAdmin.Controllers.UserManagementController.Create (AmbulatoryCarePortal.Presentation) in 329.9407ms
2026-06-08 16:35:06.460 +03:00 [INF] Executed endpoint 'AmbulatoryCarePortal.Presentation.Areas.SuperAdmin.Controllers.UserManagementController.Create (AmbulatoryCarePortal.Presentation)'
2026-06-08 16:35:06.466 +03:00 [INF] Request finished HTTP/2 GET https://localhost:2167/SuperAdmin/UserManagement/Create?clinicId=1 - 200 null text/html; charset=utf-8 458.4121ms
2026-06-08 16:35:06.517 +03:00 [INF] Request starting HTTP/2 GET https://localhost:2167/css/site.css?v=2uHBcE7LfO7QtB_52QJ9t7KfjORV2CLPAeZ3Ef79CEM - null null
2026-06-08 16:35:06.517 +03:00 [INF] Request starting HTTP/2 GET https://localhost:2167/js/site.js?v=xAv_dblkBCzn0qb3w17KovpH4NIwvlCStGLeOnr-y38 - null null
2026-06-08 16:35:06.517 +03:00 [INF] Request starting HTTP/2 GET https://localhost:2167/_framework/aspnetcore-browser-refresh.js - null null
2026-06-08 16:35:06.519 +03:00 [INF] Request starting HTTP/2 GET https://localhost:2167/_vs/browserLink - null null
2026-06-08 16:35:06.542 +03:00 [INF] The file /js/site.js was not modified
2026-06-08 16:35:06.555 +03:00 [INF] Request finished HTTP/2 GET https://localhost:2167/_framework/aspnetcore-browser-refresh.js - 200 14970 application/javascript; charset=utf-8 37.8932ms
2026-06-08 16:35:06.533 +03:00 [INF] The file /css/site.css was not modified
2026-06-08 16:35:06.613 +03:00 [INF] Request finished HTTP/2 GET https://localhost:2167/_vs/browserLink - 200 null text/javascript; charset=UTF-8 94.5716ms
2026-06-08 16:35:06.617 +03:00 [INF] Request finished HTTP/2 GET https://localhost:2167/js/site.js?v=xAv_dblkBCzn0qb3w17KovpH4NIwvlCStGLeOnr-y38 - 304 null text/javascript 99.4909ms
2026-06-08 16:35:06.629 +03:00 [INF] Request finished HTTP/2 GET https://localhost:2167/css/site.css?v=2uHBcE7LfO7QtB_52QJ9t7KfjORV2CLPAeZ3Ef79CEM - 304 null text/css 112.1015ms
2026-06-08 16:35:13.717 +03:00 [INF] Request starting HTTP/2 GET https://localhost:2167/_framework/aspnetcore-browser-refresh.js - null null
2026-06-08 16:35:13.728 +03:00 [INF] Request finished HTTP/2 GET https://localhost:2167/_framework/aspnetcore-browser-refresh.js - 200 14970 application/javascript; charset=utf-8 11.4663ms
2026-06-08 16:39:27.908 +03:00 [FTL] Application terminated unexpectedly
Microsoft.Extensions.Hosting.HostAbortedException: The host was aborted.
   at Microsoft.Extensions.Hosting.HostFactoryResolver.HostingListener.ThrowHostAborted()
   at Microsoft.Extensions.Hosting.HostFactoryResolver.HostingListener.OnNext(KeyValuePair`2 value)
   at System.Diagnostics.DiagnosticListener.Write(String name, Object value)
   at Microsoft.Extensions.Hosting.HostBuilder.ResolveHost(IServiceProvider serviceProvider, DiagnosticListener diagnosticListener)
   at Microsoft.Extensions.Hosting.HostApplicationBuilder.Build()
   at Microsoft.AspNetCore.Builder.WebApplicationBuilder.Build()
   at Program.<Main>$(String[] args) in D:\C# Projects\AmbulatoryCarePortal\src\AmbulatoryCarePortal.Presentation\Program.cs:line 60
